[2020-12-01 09:28:24] [INFO] 非法字符检测开始
[2020-12-01 09:28:24] [INFO] [ PASS ]非法字符检测无异常
[2020-12-01 09:28:24] [INFO] 非法字符检测结束
[2020-12-01 09:28:24] [INFO] 所有检测结束
[2020-12-01 09:28:24] [INFO] --------------------------------------------------
[2020-12-01 09:29:02] [INFO] 非法字符检测开始
[2020-12-01 09:29:02] [INFO] [ NG ]非法字符错误
[2020-12-01 09:29:02] [INFO] FSL -- ID = 1
[2020-12-01 09:29:02] [INFO] [ NG ]非法字符错误
[2020-12-01 09:29:02] [INFO] FSL -- ID = 2
[2020-12-01 09:29:02] [INFO] 非法字符检测结束
[2020-12-01 09:29:02] [INFO] 所有检测结束
[2020-12-01 09:29:02] [INFO] --------------------------------------------------
[2020-12-01 09:35:24] [INFO] 字段一致性检测开始
[2020-12-01 09:35:24] [INFO] 字段一致性检测结束
[2020-12-01 09:35:24] [INFO] 所有检测结束
[2020-12-01 09:35:24] [INFO] --------------------------------------------------
[2020-12-01 09:38:18] [INFO] 字段一致性检测开始
[2020-12-01 09:38:18] [INFO] [ PASS ]字段一致性检测通过
[2020-12-01 09:38:18] [INFO] 字段一致性检测结束
[2020-12-01 09:38:18] [INFO] 所有检测结束
[2020-12-01 09:38:18] [INFO] --------------------------------------------------
[2020-12-01 09:49:24] [INFO] 字段一致性检测开始
[2020-12-01 09:49:24] [INFO] [ PASS ]字段一致性检测通过
[2020-12-01 09:49:24] [INFO] 字段一致性检测结束
[2020-12-01 09:49:24] [INFO] 材质检测开始
[2020-12-01 09:49:51] [INFO] 字段一致性检测开始
[2020-12-01 09:49:51] [INFO] [ PASS ]字段一致性检测通过
[2020-12-01 09:49:51] [INFO] 字段一致性检测结束
[2020-12-01 09:49:51] [INFO] 材质检测开始
[2020-12-01 09:50:48] [INFO] 字段一致性检测开始
[2020-12-01 09:50:48] [INFO] [ PASS ]字段一致性检测通过
[2020-12-01 09:50:48] [INFO] 字段一致性检测结束
[2020-12-01 09:50:48] [INFO] 材质检测开始
[2020-12-01 09:51:58] [INFO] 字段一致性检测开始
[2020-12-01 09:51:58] [INFO] [ PASS ]字段一致性检测通过
[2020-12-01 09:51:58] [INFO] 字段一致性检测结束
[2020-12-01 09:51:58] [INFO] 材质检测开始
[2020-12-01 09:52:30] [INFO] 字段一致性检测开始
[2020-12-01 09:52:30] [INFO] [ PASS ]字段一致性检测通过
[2020-12-01 09:52:30] [INFO] 字段一致性检测结束
[2020-12-01 09:52:30] [INFO] 材质检测开始
[2020-12-01 09:52:47] [INFO] 字段一致性检测开始
[2020-12-01 09:52:47] [INFO] [ PASS ]字段一致性检测通过
[2020-12-01 09:52:47] [INFO] 字段一致性检测结束
[2020-12-01 09:52:47] [INFO] 材质检测开始
[2020-12-01 09:52:47] [INFO] [ NG ]管线使用状况、线型错误
[2020-12-01 09:52:47] [INFO] FSL -- ID = 10
[2020-12-01 09:52:47] [INFO] [ NG ]管线使用状况、线型错误
[2020-12-01 09:52:47] [INFO] FSL -- ID = 11
[2020-12-01 09:52:47] [INFO] 材质检测结束
[2020-12-01 09:52:47] [INFO] 非法字符检测开始
[2020-12-01 09:52:47] [INFO] [ NG ]非法字符错误
[2020-12-01 09:52:47] [INFO] FSL -- ID = 1
[2020-12-01 09:52:47] [INFO] [ NG ]非法字符错误
[2020-12-01 09:52:47] [INFO] FSL -- ID = 2
[2020-12-01 09:52:47] [INFO] 非法字符检测结束
[2020-12-01 09:52:47] [INFO] 管块孔数检测开始
[2020-12-01 09:53:07] [INFO] 字段一致性检测开始
[2020-12-01 09:53:07] [INFO] [ PASS ]字段一致性检测通过
[2020-12-01 09:53:07] [INFO] 字段一致性检测结束
[2020-12-01 09:53:07] [INFO] 材质检测开始
[2020-12-01 09:53:07] [INFO] [ NG ]管线使用状况、线型错误
[2020-12-01 09:53:07] [INFO] FSL -- ID = 10
[2020-12-01 09:53:07] [INFO] [ NG ]管线使用状况、线型错误
[2020-12-01 09:53:07] [INFO] FSL -- ID = 11
[2020-12-01 09:53:07] [INFO] 材质检测结束
[2020-12-01 09:53:07] [INFO] 非法字符检测开始
[2020-12-01 09:53:07] [INFO] [ NG ]非法字符错误
[2020-12-01 09:53:07] [INFO] FSL -- ID = 1
[2020-12-01 09:53:07] [INFO] [ NG ]非法字符错误
[2020-12-01 09:53:07] [INFO] FSL -- ID = 2
[2020-12-01 09:53:07] [INFO] 非法字符检测结束
[2020-12-01 09:53:07] [INFO] 管块孔数检测开始
[2020-12-01 09:53:08] [INFO] [ PASS ]管块孔数正常
[2020-12-01 09:53:08] [INFO] 管块孔数检测结束
[2020-12-01 09:53:08] [INFO] 附属物深度检测开始
[2020-12-01 09:53:27] [INFO] 字段一致性检测开始
[2020-12-01 09:53:27] [INFO] [ PASS ]字段一致性检测通过
[2020-12-01 09:53:27] [INFO] 字段一致性检测结束
[2020-12-01 09:53:27] [INFO] 材质检测开始
[2020-12-01 09:53:27] [INFO] [ NG ]管线使用状况、线型错误
[2020-12-01 09:53:27] [INFO] FSL -- ID = 10
[2020-12-01 09:53:27] [INFO] [ NG ]管线使用状况、线型错误
[2020-12-01 09:53:27] [INFO] FSL -- ID = 11
[2020-12-01 09:53:27] [INFO] 材质检测结束
[2020-12-01 09:53:27] [INFO] 非法字符检测开始
[2020-12-01 09:53:27] [INFO] [ NG ]非法字符错误
[2020-12-01 09:53:27] [INFO] FSL -- ID = 1
[2020-12-01 09:53:27] [INFO] [ NG ]非法字符错误
[2020-12-01 09:53:27] [INFO] FSL -- ID = 2
[2020-12-01 09:53:27] [INFO] 非法字符检测结束
[2020-12-01 09:53:27] [INFO] 管块孔数检测开始
[2020-12-01 09:53:27] [INFO] [ PASS ]管块孔数正常
[2020-12-01 09:53:27] [INFO] 管块孔数检测结束
[2020-12-01 09:53:27] [INFO] 附属物深度检测开始
[2020-12-01 09:53:27] [INFO] [ NG ]附属物深度错误
[2020-12-01 09:53:27] [INFO] FSL -- ID = 4
[2020-12-01 09:53:27] [INFO] [ NG ]附属物深度错误
[2020-12-01 09:53:27] [INFO] FSL -- ID = 9
[2020-12-01 09:53:27] [INFO] 附属物深度检测结束
[2020-12-01 09:53:27] [INFO] 所有检测结束
[2020-12-01 09:53:27] [INFO] --------------------------------------------------
[2020-12-01 10:03:52] [INFO] 字段一致性检测开始
[2020-12-01 10:03:52] [INFO] [ PASS ]字段一致性检测通过
[2020-12-01 10:03:52] [INFO] 字段一致性检测结束
[2020-12-01 10:03:52] [INFO] 材质检测开始
[2020-12-01 10:03:52] [INFO] [ NG ]管线使用状况、线型错误
[2020-12-01 10:03:52] [INFO] FSL -- ID = 10
[2020-12-01 10:03:52] [INFO] [ NG ]管线使用状况、线型错误
[2020-12-01 10:03:52] [INFO] FSL -- ID = 11
[2020-12-01 10:03:52] [INFO] 材质检测结束
[2020-12-01 10:03:52] [INFO] 非法字符检测开始
[2020-12-01 10:03:52] [INFO] [ NG ]非法字符错误
[2020-12-01 10:03:52] [INFO] FSL -- ID = 1
[2020-12-01 10:03:52] [INFO] [ NG ]非法字符错误
[2020-12-01 10:03:52] [INFO] FSL -- ID = 2
[2020-12-01 10:03:52] [INFO] 非法字符检测结束
[2020-12-01 10:03:52] [INFO] 管块孔数检测开始
[2020-12-01 10:03:52] [INFO] [ PASS ]管块孔数正常
[2020-12-01 10:03:52] [INFO] 管块孔数检测结束
[2020-12-01 10:03:52] [INFO] 附属物深度检测开始
[2020-12-01 10:03:52] [INFO] [ NG ]附属物深度错误
[2020-12-01 10:03:52] [INFO] FSL -- ID = 4
[2020-12-01 10:03:52] [INFO] [ NG ]附属物深度错误
[2020-12-01 10:03:52] [INFO] FSL -- ID = 9
[2020-12-01 10:03:52] [INFO] 附属物深度检测结束
[2020-12-01 10:03:52] [INFO] 所有检测结束
[2020-12-01 10:03:52] [INFO] --------------------------------------------------
[2020-12-01 10:05:00] [INFO] 数据库错误
[2020-12-01 10:05:00] [INFO] ('42S02', '[42S02] [Microsoft][ODBC Microsoft Access Driver] Microsoft Access 数据库引擎找不到输入表或查询“FFFF”。请确定它存在且其名称拼写正确。')
[2020-12-01 10:05:00] [INFO] 字段一致性检测开始
[2020-12-01 10:05:00] [INFO] [ PASS ]字段一致性检测通过
[2020-12-01 10:05:00] [INFO] 字段一致性检测结束
[2020-12-01 10:05:00] [INFO] 材质检测开始
[2020-12-01 10:05:00] [INFO] [ NG ]管线使用状况、线型错误
[2020-12-01 10:05:00] [INFO] FSL -- ID = 10
[2020-12-01 10:05:00] [INFO] [ NG ]管线使用状况、线型错误
[2020-12-01 10:05:00] [INFO] FSL -- ID = 11
[2020-12-01 10:05:00] [INFO] 材质检测结束
[2020-12-01 10:05:00] [INFO] 非法字符检测开始
[2020-12-01 10:05:00] [INFO] [ NG ]非法字符错误
[2020-12-01 10:05:00] [INFO] FSL -- ID = 1
[2020-12-01 10:05:00] [INFO] [ NG ]非法字符错误
[2020-12-01 10:05:00] [INFO] FSL -- ID = 2
[2020-12-01 10:05:00] [INFO] 非法字符检测结束
[2020-12-01 10:05:00] [INFO] 管块孔数检测开始
[2020-12-01 10:05:00] [INFO] [ PASS ]管块孔数正常
[2020-12-01 10:05:00] [INFO] 管块孔数检测结束
[2020-12-01 10:05:00] [INFO] 附属物深度检测开始
[2020-12-01 10:05:00] [INFO] [ NG ]附属物深度错误
[2020-12-01 10:05:00] [INFO] FSL -- ID = 4
[2020-12-01 10:05:00] [INFO] [ NG ]附属物深度错误
[2020-12-01 10:05:00] [INFO] FSL -- ID = 9
[2020-12-01 10:05:00] [INFO] 附属物深度检测结束
[2020-12-01 10:05:00] [INFO] 所有检测结束
[2020-12-01 10:05:00] [INFO] --------------------------------------------------
[2020-12-01 11:25:28] [INFO] 字段一致性检测开始
[2020-12-01 11:25:28] [INFO] [ PASS ]字段一致性检测通过
[2020-12-01 11:25:28] [INFO] 字段一致性检测结束
[2020-12-01 11:25:28] [INFO] 材质检测开始
[2020-12-01 11:25:28] [INFO] [ NG ]管线使用状况、线型错误
[2020-12-01 11:25:28] [INFO] FSL -- ID = 10
[2020-12-01 11:25:28] [INFO] [ NG ]管线使用状况、线型错误
[2020-12-01 11:25:28] [INFO] FSL -- ID = 11
[2020-12-01 11:25:28] [INFO] 材质检测结束
[2020-12-01 11:25:28] [INFO] 非法字符检测开始
[2020-12-01 11:25:28] [INFO] [ NG ]非法字符错误
[2020-12-01 11:25:28] [INFO] FSL -- ID = 1
[2020-12-01 11:25:28] [INFO] [ NG ]非法字符错误
[2020-12-01 11:25:28] [INFO] FSL -- ID = 2
[2020-12-01 11:25:28] [INFO] 非法字符检测结束
[2020-12-01 11:25:28] [INFO] 管块孔数检测开始
[2020-12-01 11:25:28] [INFO] [ PASS ]管块孔数正常
[2020-12-01 11:25:28] [INFO] 管块孔数检测结束
[2020-12-01 11:25:28] [INFO] 附属物深度检测开始
[2020-12-01 11:25:28] [INFO] [ NG ]附属物深度错误
[2020-12-01 11:25:28] [INFO] FSL -- ID = 4
[2020-12-01 11:25:28] [INFO] [ NG ]附属物深度错误
[2020-12-01 11:25:28] [INFO] FSL -- ID = 9
[2020-12-01 11:25:28] [INFO] 附属物深度检测结束
[2020-12-01 11:25:28] [INFO] 所有检测结束
[2020-12-01 11:25:28] [INFO] --------------------------------------------------
[2020-12-01 11:25:33] [INFO] 字段一致性检测开始
[2020-12-01 11:25:33] [INFO] [ PASS ]字段一致性检测通过
[2020-12-01 11:25:33] [INFO] 字段一致性检测结束
[2020-12-01 11:25:33] [INFO] 材质检测开始
[2020-12-01 11:25:33] [INFO] [ NG ]管线使用状况、线型错误
[2020-12-01 11:25:33] [INFO] FSL -- ID = 10
[2020-12-01 11:25:33] [INFO] [ NG ]管线使用状况、线型错误
[2020-12-01 11:25:33] [INFO] FSL -- ID = 11
[2020-12-01 11:25:33] [INFO] 材质检测结束
[2020-12-01 11:25:33] [INFO] 非法字符检测开始
[2020-12-01 11:25:33] [INFO] [ NG ]非法字符错误
[2020-12-01 11:25:33] [INFO] FSL -- ID = 1
[2020-12-01 11:25:33] [INFO] [ NG ]非法字符错误
[2020-12-01 11:25:33] [INFO] FSL -- ID = 2
[2020-12-01 11:25:33] [INFO] 非法字符检测结束
[2020-12-01 11:25:33] [INFO] 管块孔数检测开始
[2020-12-01 11:25:33] [INFO] [ PASS ]管块孔数正常
[2020-12-01 11:25:33] [INFO] 管块孔数检测结束
[2020-12-01 11:25:33] [INFO] 附属物深度检测开始
[2020-12-01 11:25:33] [INFO] [ NG ]附属物深度错误
[2020-12-01 11:25:33] [INFO] FSL -- ID = 4
[2020-12-01 11:25:33] [INFO] [ NG ]附属物深度错误
[2020-12-01 11:25:33] [INFO] FSL -- ID = 9
[2020-12-01 11:25:33] [INFO] 附属物深度检测结束
[2020-12-01 11:25:33] [INFO] 所有检测结束
[2020-12-01 11:25:33] [INFO] --------------------------------------------------
[2020-12-01 11:25:33] [INFO] 字段一致性检测开始
[2020-12-01 11:25:33] [INFO] [ PASS ]字段一致性检测通过
[2020-12-01 11:25:33] [INFO] 字段一致性检测结束
[2020-12-01 11:25:33] [INFO] 材质检测开始
[2020-12-01 11:25:33] [INFO] [ PASS ]材质检测无异常
[2020-12-01 11:25:33] [INFO] 材质检测结束
[2020-12-01 11:25:33] [INFO] 非法字符检测开始
[2020-12-01 11:25:33] [INFO] [ PASS ]非法字符检测无异常
[2020-12-01 11:25:33] [INFO] 非法字符检测结束
[2020-12-01 11:25:33] [INFO] 管块孔数检测开始
[2020-12-01 11:25:33] [INFO] [ PASS ]管块孔数正常
[2020-12-01 11:25:33] [INFO] 管块孔数检测结束
[2020-12-01 11:25:33] [INFO] 附属物深度检测开始
[2020-12-01 11:25:33] [INFO] 没有找到附属物
[2020-12-01 11:25:33] [INFO] 附属物深度检测结束
[2020-12-01 11:25:33] [INFO] 所有检测结束
[2020-12-01 11:25:33] [INFO] --------------------------------------------------
[2020-12-01 11:28:28] [INFO] --------------------GDL--------------------
[2020-12-01 11:28:28] [INFO] 字段一致性检测开始
[2020-12-01 11:28:28] [INFO] [ PASS ]字段一致性检测通过
[2020-12-01 11:28:28] [INFO] 字段一致性检测结束
[2020-12-01 11:28:28] [INFO] 材质检测开始
[2020-12-01 11:28:28] [INFO] [ PASS ]材质检测无异常
[2020-12-01 11:28:28] [INFO] 材质检测结束
[2020-12-01 11:28:28] [INFO] 非法字符检测开始
[2020-12-01 11:28:28] [INFO] [ PASS ]非法字符检测无异常
[2020-12-01 11:28:28] [INFO] 非法字符检测结束
[2020-12-01 11:28:28] [INFO] 管块孔数检测开始
[2020-12-01 11:28:28] [INFO] [ PASS ]管块孔数正常
[2020-12-01 11:28:28] [INFO] 管块孔数检测结束
[2020-12-01 11:28:28] [INFO] 附属物深度检测开始
[2020-12-01 11:28:28] [INFO] 没有找到附属物
[2020-12-01 11:28:28] [INFO] 附属物深度检测结束
[2020-12-01 11:28:28] [INFO] 所有检测结束
[2020-12-01 11:28:28] [INFO] --------------------------------------------------
[2020-12-01 11:28:28] [INFO] --------------------TXL--------------------
[2020-12-01 11:28:28] [INFO] 字段一致性检测开始
[2020-12-01 11:28:28] [INFO] [ PASS ]字段一致性检测通过
[2020-12-01 11:28:28] [INFO] 字段一致性检测结束
[2020-12-01 11:28:28] [INFO] 材质检测开始
[2020-12-01 11:28:28] [INFO] 没有为空的材质字段
[2020-12-01 11:28:28] [INFO] [ PASS ]材质检测无异常
[2020-12-01 11:28:28] [INFO] 材质检测结束
[2020-12-01 11:28:28] [INFO] 非法字符检测开始
[2020-12-01 11:28:28] [INFO] [ PASS ]非法字符检测无异常
[2020-12-01 11:28:28] [INFO] 非法字符检测结束
[2020-12-01 11:28:28] [INFO] 管块孔数检测开始
[2020-12-01 11:28:28] [INFO] 没有找到管块
[2020-12-01 11:28:28] [INFO] 管块孔数检测结束
[2020-12-01 11:28:28] [INFO] 附属物深度检测开始
[2020-12-01 11:28:28] [INFO] 没有找到附属物
[2020-12-01 11:28:28] [INFO] 附属物深度检测结束
[2020-12-01 11:28:28] [INFO] 所有检测结束
[2020-12-01 11:28:28] [INFO] --------------------------------------------------
[2020-12-01 11:28:49] [INFO] --------------------ZSL--------------------
[2020-12-01 11:28:49] [INFO] 字段一致性检测开始
[2020-12-01 11:28:49] [INFO] 数据库错误
[2020-12-01 11:28:49] [INFO] ('42S02', '[42S02] [Microsoft][ODBC Microsoft Access Driver] Microsoft Access 数据库引擎找不到输入表或查询“ZSL”。请确定它存在且其名称拼写正确。')
[2020-12-01 11:28:49] [INFO] 字段一致性检测结束
[2020-12-01 11:28:49] [INFO] 材质检测开始
[2020-12-01 11:28:49] [INFO] 数据库错误
[2020-12-01 11:28:49] [INFO] ('42S02', '[42S02] [Microsoft][ODBC Microsoft Access Driver] Microsoft Access 数据库引擎找不到输入表或查询“ZSL”。请确定它存在且其名称拼写正确。')
[2020-12-01 11:28:49] [INFO] 非法字符检测开始
[2020-12-01 11:28:49] [INFO] 数据库错误
[2020-12-01 11:28:49] [INFO] ('42S02', '[42S02] [Microsoft][ODBC Microsoft Access Driver] Microsoft Access 数据库引擎找不到输入表或查询“ZSL”。请确定它存在且其名称拼写正确。')
[2020-12-01 11:28:49] [INFO] 非法字符检测结束
[2020-12-01 11:28:49] [INFO] 管块孔数检测开始
[2020-12-01 11:28:49] [INFO] 数据库错误
[2020-12-01 11:28:49] [INFO] ('42S02', '[42S02] [Microsoft][ODBC Microsoft Access Driver] Microsoft Access 数据库引擎找不到输入表或查询“ZSL”。请确定它存在且其名称拼写正确。')
[2020-12-01 11:28:49] [INFO] 附属物深度检测开始
[2020-12-01 11:28:49] [INFO] 数据库错误
[2020-12-01 11:28:49] [INFO] ('42S02', '[42S02] [Microsoft][ODBC Microsoft Access Driver] Microsoft Access 数据库引擎找不到输入表或查询“ZSL”。请确定它存在且其名称拼写正确。')
[2020-12-01 11:28:49] [INFO] 所有检测结束
[2020-12-01 11:28:49] [INFO] --------------------------------------------------
[2020-12-01 11:29:31] [INFO] --------------------SSL--------------------
[2020-12-01 11:29:31] [INFO] 字段一致性检测开始
[2020-12-01 11:29:31] [INFO] [ PASS ]字段一致性检测通过
[2020-12-01 11:29:31] [INFO] 字段一致性检测结束
[2020-12-01 11:29:31] [INFO] 材质检测开始
[2020-12-01 11:29:31] [INFO] 没有为空的材质字段
[2020-12-01 11:29:31] [INFO] [ PASS ]材质检测无异常
[2020-12-01 11:29:31] [INFO] 材质检测结束
[2020-12-01 11:29:31] [INFO] 非法字符检测开始
[2020-12-01 11:29:31] [INFO] [ PASS ]非法字符检测无异常
[2020-12-01 11:29:31] [INFO] 非法字符检测结束
[2020-12-01 11:29:31] [INFO] 管块孔数检测开始
[2020-12-01 11:29:31] [INFO] 没有找到管块
[2020-12-01 11:29:31] [INFO] 管块孔数检测结束
[2020-12-01 11:29:31] [INFO] 附属物深度检测开始
[2020-12-01 11:29:31] [INFO] [ PASS ]附属物深度正常
[2020-12-01 11:29:31] [INFO] 附属物深度检测结束
[2020-12-01 11:29:31] [INFO] 所有检测结束
[2020-12-01 11:29:31] [INFO] --------------------------------------------------
[2020-12-01 11:29:35] [INFO] --------------------ZSL--------------------
[2020-12-01 11:29:35] [INFO] 字段一致性检测开始
[2020-12-01 11:29:35] [INFO] 数据库错误
[2020-12-01 11:29:35] [INFO] ('42S02', '[42S02] [Microsoft][ODBC Microsoft Access Driver] Microsoft Access 数据库引擎找不到输入表或查询“ZSL”。请确定它存在且其名称拼写正确。')
[2020-12-01 11:29:35] [INFO] 字段一致性检测结束
[2020-12-01 11:29:35] [INFO] 材质检测开始
[2020-12-01 11:29:35] [INFO] 数据库错误
[2020-12-01 11:29:35] [INFO] ('42S02', '[42S02] [Microsoft][ODBC Microsoft Access Driver] Microsoft Access 数据库引擎找不到输入表或查询“ZSL”。请确定它存在且其名称拼写正确。')
[2020-12-01 11:29:35] [INFO] 非法字符检测开始
[2020-12-01 11:29:35] [INFO] 数据库错误
[2020-12-01 11:29:35] [INFO] ('42S02', '[42S02] [Microsoft][ODBC Microsoft Access Driver] Microsoft Access 数据库引擎找不到输入表或查询“ZSL”。请确定它存在且其名称拼写正确。')
[2020-12-01 11:29:35] [INFO] 非法字符检测结束
[2020-12-01 11:29:35] [INFO] 管块孔数检测开始
[2020-12-01 11:29:35] [INFO] 数据库错误
[2020-12-01 11:29:35] [INFO] ('42S02', '[42S02] [Microsoft][ODBC Microsoft Access Driver] Microsoft Access 数据库引擎找不到输入表或查询“ZSL”。请确定它存在且其名称拼写正确。')
[2020-12-01 11:29:35] [INFO] 附属物深度检测开始
[2020-12-01 11:29:35] [INFO] 数据库错误
[2020-12-01 11:29:35] [INFO] ('42S02', '[42S02] [Microsoft][ODBC Microsoft Access Driver] Microsoft Access 数据库引擎找不到输入表或查询“ZSL”。请确定它存在且其名称拼写正确。')
[2020-12-01 11:29:35] [INFO] 所有检测结束
[2020-12-01 11:29:35] [INFO] --------------------------------------------------
[2020-12-01 11:30:26] [INFO] -----------------------FSL-----------------------
[2020-12-01 11:30:26] [INFO] 字段一致性检测开始
[2020-12-01 11:30:26] [INFO] [ PASS ]字段一致性检测通过
[2020-12-01 11:30:26] [INFO] 字段一致性检测结束
[2020-12-01 11:30:26] [INFO] 材质检测开始
[2020-12-01 11:30:27] [INFO] 没有为空的材质字段
[2020-12-01 11:30:27] [INFO] [ PASS ]材质检测无异常
[2020-12-01 11:30:27] [INFO] 材质检测结束
[2020-12-01 11:30:27] [INFO] 非法字符检测开始
[2020-12-01 11:30:27] [INFO] [ PASS ]非法字符检测无异常
[2020-12-01 11:30:27] [INFO] 非法字符检测结束
[2020-12-01 11:30:27] [INFO] 管块孔数检测开始
[2020-12-01 11:30:27] [INFO] 没有找到管块
[2020-12-01 11:30:27] [INFO] 管块孔数检测结束
[2020-12-01 11:30:27] [INFO] 附属物深度检测开始
[2020-12-01 11:30:27] [INFO] [ NG ]附属物深度错误
[2020-12-01 11:30:27] [INFO] FSL -- ID = 3
[2020-12-01 11:30:27] [INFO] [ NG ]附属物深度错误
[2020-12-01 11:30:27] [INFO] FSL -- ID = 18
[2020-12-01 11:30:27] [INFO] [ NG ]附属物深度错误
[2020-12-01 11:30:27] [INFO] FSL -- ID = 26
[2020-12-01 11:30:27] [INFO] 附属物深度检测结束
[2020-12-01 11:30:27] [INFO] 所有检测结束
[2020-12-01 11:30:27] [INFO] --------------------------------------------------
[2020-12-01 11:30:27] [INFO] -----------------------GDL-----------------------
[2020-12-01 11:30:27] [INFO] 字段一致性检测开始
[2020-12-01 11:30:27] [INFO] [ PASS ]字段一致性检测通过
[2020-12-01 11:30:27] [INFO] 字段一致性检测结束
[2020-12-01 11:30:27] [INFO] 材质检测开始
[2020-12-01 11:30:27] [INFO] [ NG ]管线使用状况、线型错误
[2020-12-01 11:30:27] [INFO] FSL -- ID = 13
[2020-12-01 11:30:27] [INFO] 材质检测结束
[2020-12-01 11:30:27] [INFO] 非法字符检测开始
[2020-12-01 11:30:27] [INFO] [ PASS ]非法字符检测无异常
[2020-12-01 11:30:27] [INFO] 非法字符检测结束
[2020-12-01 11:30:27] [INFO] 管块孔数检测开始
[2020-12-01 11:30:27] [INFO] [ PASS ]管块孔数正常
[2020-12-01 11:30:27] [INFO] 管块孔数检测结束
[2020-12-01 11:30:27] [INFO] 附属物深度检测开始
[2020-12-01 11:30:27] [INFO] 没有找到附属物
[2020-12-01 11:30:27] [INFO] 附属物深度检测结束
[2020-12-01 11:30:27] [INFO] 所有检测结束
[2020-12-01 11:30:27] [INFO] --------------------------------------------------
[2020-12-01 11:30:27] [INFO] -----------------------JKL-----------------------
[2020-12-01 11:30:27] [INFO] 字段一致性检测开始
[2020-12-01 11:30:27] [INFO] 数据库错误
[2020-12-01 11:30:27] [INFO] ('42S02', '[42S02] [Microsoft][ODBC Microsoft Access Driver] Microsoft Access 数据库引擎找不到输入表或查询“JKL”。请确定它存在且其名称拼写正确。')
[2020-12-01 11:30:27] [INFO] 字段一致性检测结束
[2020-12-01 11:30:27] [INFO] 材质检测开始
[2020-12-01 11:30:27] [INFO] 数据库错误
[2020-12-01 11:30:27] [INFO] ('42S02', '[42S02] [Microsoft][ODBC Microsoft Access Driver] Microsoft Access 数据库引擎找不到输入表或查询“JKL”。请确定它存在且其名称拼写正确。')
[2020-12-01 11:30:27] [INFO] 非法字符检测开始
[2020-12-01 11:30:27] [INFO] 数据库错误
[2020-12-01 11:30:27] [INFO] ('42S02', '[42S02] [Microsoft][ODBC Microsoft Access Driver] Microsoft Access 数据库引擎找不到输入表或查询“JKL”。请确定它存在且其名称拼写正确。')
[2020-12-01 11:30:27] [INFO] 非法字符检测结束
[2020-12-01 11:30:27] [INFO] 管块孔数检测开始
[2020-12-01 11:30:27] [INFO] 数据库错误
[2020-12-01 11:30:27] [INFO] ('42S02', '[42S02] [Microsoft][ODBC Microsoft Access Driver] Microsoft Access 数据库引擎找不到输入表或查询“JKL”。请确定它存在且其名称拼写正确。')
[2020-12-01 11:30:27] [INFO] 附属物深度检测开始
[2020-12-01 11:30:27] [INFO] 数据库错误
[2020-12-01 11:30:27] [INFO] ('42S02', '[42S02] [Microsoft][ODBC Microsoft Access Driver] Microsoft Access 数据库引擎找不到输入表或查询“JKL”。请确定它存在且其名称拼写正确。')
[2020-12-01 11:30:27] [INFO] 所有检测结束
[2020-12-01 11:30:27] [INFO] --------------------------------------------------
[2020-12-01 11:30:27] [INFO] -----------------------LDL-----------------------
[2020-12-01 11:30:27] [INFO] 字段一致性检测开始
[2020-12-01 11:30:27] [INFO] [ PASS ]字段一致性检测通过
[2020-12-01 11:30:27] [INFO] 字段一致性检测结束
[2020-12-01 11:30:27] [INFO] 材质检测开始
[2020-12-01 11:30:27] [INFO] 没有为空的材质字段
[2020-12-01 11:30:27] [INFO] [ PASS ]材质检测无异常
[2020-12-01 11:30:27] [INFO] 材质检测结束
[2020-12-01 11:30:27] [INFO] 非法字符检测开始
[2020-12-01 11:30:27] [INFO] [ PASS ]非法字符检测无异常
[2020-12-01 11:30:27] [INFO] 非法字符检测结束
[2020-12-01 11:30:27] [INFO] 管块孔数检测开始
[2020-12-01 11:30:27] [INFO] 没有找到管块
[2020-12-01 11:30:27] [INFO] 管块孔数检测结束
[2020-12-01 11:30:27] [INFO] 附属物深度检测开始
[2020-12-01 11:30:27] [INFO] 没有找到附属物
[2020-12-01 11:30:27] [INFO] 附属物深度检测结束
[2020-12-01 11:30:27] [INFO] 所有检测结束
[2020-12-01 11:30:27] [INFO] --------------------------------------------------
[2020-12-01 11:30:27] [INFO] -----------------------RSL-----------------------
[2020-12-01 11:30:27] [INFO] 字段一致性检测开始
[2020-12-01 11:30:27] [INFO] [ PASS ]字段一致性检测通过
[2020-12-01 11:30:27] [INFO] 字段一致性检测结束
[2020-12-01 11:30:27] [INFO] 材质检测开始
[2020-12-01 11:30:27] [INFO] 没有为空的材质字段
[2020-12-01 11:30:27] [INFO] [ PASS ]材质检测无异常
[2020-12-01 11:30:27] [INFO] 材质检测结束
[2020-12-01 11:30:27] [INFO] 非法字符检测开始
[2020-12-01 11:30:27] [INFO] [ PASS ]非法字符检测无异常
[2020-12-01 11:30:27] [INFO] 非法字符检测结束
[2020-12-01 11:30:27] [INFO] 管块孔数检测开始
[2020-12-01 11:30:27] [INFO] 没有找到管块
[2020-12-01 11:30:27] [INFO] 管块孔数检测结束
[2020-12-01 11:30:27] [INFO] 附属物深度检测开始
[2020-12-01 11:30:27] [INFO] 没有找到附属物
[2020-12-01 11:30:27] [INFO] 附属物深度检测结束
[2020-12-01 11:30:27] [INFO] 所有检测结束
[2020-12-01 11:30:27] [INFO] --------------------------------------------------
[2020-12-01 11:30:27] [INFO] -----------------------SSL-----------------------
[2020-12-01 11:30:27] [INFO] 字段一致性检测开始
[2020-12-01 11:30:27] [INFO] [ PASS ]字段一致性检测通过
[2020-12-01 11:30:27] [INFO] 字段一致性检测结束
[2020-12-01 11:30:27] [INFO] 材质检测开始
[2020-12-01 11:30:27] [INFO] 没有为空的材质字段
[2020-12-01 11:30:27] [INFO] [ PASS ]材质检测无异常
[2020-12-01 11:30:27] [INFO] 材质检测结束
[2020-12-01 11:30:27] [INFO] 非法字符检测开始
[2020-12-01 11:30:27] [INFO] [ PASS ]非法字符检测无异常
[2020-12-01 11:30:27] [INFO] 非法字符检测结束
[2020-12-01 11:30:27] [INFO] 管块孔数检测开始
[2020-12-01 11:30:27] [INFO] 没有找到管块
[2020-12-01 11:30:27] [INFO] 管块孔数检测结束
[2020-12-01 11:30:27] [INFO] 附属物深度检测开始
[2020-12-01 11:30:27] [INFO] [ NG ]附属物深度错误
[2020-12-01 11:30:27] [INFO] FSL -- ID = 12
[2020-12-01 11:30:27] [INFO] [ NG ]附属物深度错误
[2020-12-01 11:30:27] [INFO] FSL -- ID = 17
[2020-12-01 11:30:27] [INFO] [ NG ]附属物深度错误
[2020-12-01 11:30:27] [INFO] FSL -- ID = 20
[2020-12-01 11:30:27] [INFO] [ NG ]附属物深度错误
[2020-12-01 11:30:27] [INFO] FSL -- ID = 44
[2020-12-01 11:30:27] [INFO] 附属物深度检测结束
[2020-12-01 11:30:27] [INFO] 所有检测结束
[2020-12-01 11:30:27] [INFO] --------------------------------------------------
[2020-12-01 11:30:27] [INFO] -----------------------TRL-----------------------
[2020-12-01 11:30:27] [INFO] 字段一致性检测开始
[2020-12-01 11:30:27] [INFO] 数据库错误
[2020-12-01 11:30:27] [INFO] ('42S02', '[42S02] [Microsoft][ODBC Microsoft Access Driver] Microsoft Access 数据库引擎找不到输入表或查询“TRL”。请确定它存在且其名称拼写正确。')
[2020-12-01 11:30:27] [INFO] 字段一致性检测结束
[2020-12-01 11:30:27] [INFO] 材质检测开始
[2020-12-01 11:30:27] [INFO] 数据库错误
[2020-12-01 11:30:27] [INFO] ('42S02', '[42S02] [Microsoft][ODBC Microsoft Access Driver] Microsoft Access 数据库引擎找不到输入表或查询“TRL”。请确定它存在且其名称拼写正确。')
[2020-12-01 11:30:27] [INFO] 非法字符检测开始
[2020-12-01 11:30:27] [INFO] 数据库错误
[2020-12-01 11:30:27] [INFO] ('42S02', '[42S02] [Microsoft][ODBC Microsoft Access Driver] Microsoft Access 数据库引擎找不到输入表或查询“TRL”。请确定它存在且其名称拼写正确。')
[2020-12-01 11:30:27] [INFO] 非法字符检测结束
[2020-12-01 11:30:27] [INFO] 管块孔数检测开始
[2020-12-01 11:30:27] [INFO] 数据库错误
[2020-12-01 11:30:27] [INFO] ('42S02', '[42S02] [Microsoft][ODBC Microsoft Access Driver] Microsoft Access 数据库引擎找不到输入表或查询“TRL”。请确定它存在且其名称拼写正确。')
[2020-12-01 11:30:27] [INFO] 附属物深度检测开始
[2020-12-01 11:30:27] [INFO] 数据库错误
[2020-12-01 11:30:27] [INFO] ('42S02', '[42S02] [Microsoft][ODBC Microsoft Access Driver] Microsoft Access 数据库引擎找不到输入表或查询“TRL”。请确定它存在且其名称拼写正确。')
[2020-12-01 11:30:27] [INFO] 所有检测结束
[2020-12-01 11:30:27] [INFO] --------------------------------------------------
[2020-12-01 11:30:27] [INFO] -----------------------TXL-----------------------
[2020-12-01 11:30:27] [INFO] 字段一致性检测开始
[2020-12-01 11:30:27] [INFO] [ PASS ]字段一致性检测通过
[2020-12-01 11:30:27] [INFO] 字段一致性检测结束
[2020-12-01 11:30:27] [INFO] 材质检测开始
[2020-12-01 11:30:27] [INFO] [ PASS ]材质检测无异常
[2020-12-01 11:30:27] [INFO] 材质检测结束
[2020-12-01 11:30:27] [INFO] 非法字符检测开始
[2020-12-01 11:30:27] [INFO] [ NG ]非法字符错误
[2020-12-01 11:30:27] [INFO] FSL -- ID = 21
[2020-12-01 11:30:27] [INFO] [ NG ]非法字符错误
[2020-12-01 11:30:27] [INFO] FSL -- ID = 32
[2020-12-01 11:30:27] [INFO] 非法字符检测结束
[2020-12-01 11:30:27] [INFO] 管块孔数检测开始
[2020-12-01 11:30:27] [INFO] [ NG ]管块孔数错误
[2020-12-01 11:30:27] [INFO] FSL -- ID = 21
[2020-12-01 11:30:27] [INFO] [ NG ]管块孔数错误
[2020-12-01 11:30:27] [INFO] FSL -- ID = 35
[2020-12-01 11:30:27] [INFO] [ NG ]管块孔数错误
[2020-12-01 11:30:27] [INFO] FSL -- ID = 36
[2020-12-01 11:30:27] [INFO] 管块孔数检测结束
[2020-12-01 11:30:27] [INFO] 附属物深度检测开始
[2020-12-01 11:30:27] [INFO] 没有找到附属物
[2020-12-01 11:30:27] [INFO] 附属物深度检测结束
[2020-12-01 11:30:27] [INFO] 所有检测结束
[2020-12-01 11:30:27] [INFO] --------------------------------------------------
[2020-12-01 11:30:27] [INFO] -----------------------WSL-----------------------
[2020-12-01 11:30:27] [INFO] 字段一致性检测开始
[2020-12-01 11:30:27] [INFO] [ PASS ]字段一致性检测通过
[2020-12-01 11:30:27] [INFO] 字段一致性检测结束
[2020-12-01 11:30:27] [INFO] 材质检测开始
[2020-12-01 11:30:27] [INFO] 没有为空的材质字段
[2020-12-01 11:30:27] [INFO] [ PASS ]材质检测无异常
[2020-12-01 11:30:27] [INFO] 材质检测结束
[2020-12-01 11:30:27] [INFO] 非法字符检测开始
[2020-12-01 11:30:27] [INFO] [ PASS ]非法字符检测无异常
[2020-12-01 11:30:27] [INFO] 非法字符检测结束
[2020-12-01 11:30:27] [INFO] 管块孔数检测开始
[2020-12-01 11:30:27] [INFO] 没有找到管块
[2020-12-01 11:30:27] [INFO] 管块孔数检测结束
[2020-12-01 11:30:27] [INFO] 附属物深度检测开始
[2020-12-01 11:30:27] [INFO] 没有找到附属物
[2020-12-01 11:30:27] [INFO] 附属物深度检测结束
[2020-12-01 11:30:27] [INFO] 所有检测结束
[2020-12-01 11:30:27] [INFO] --------------------------------------------------
[2020-12-01 11:30:27] [INFO] -----------------------YSL-----------------------
[2020-12-01 11:30:27] [INFO] 字段一致性检测开始
[2020-12-01 11:30:27] [INFO] [ PASS ]字段一致性检测通过
[2020-12-01 11:30:27] [INFO] 字段一致性检测结束
[2020-12-01 11:30:27] [INFO] 材质检测开始
[2020-12-01 11:30:27] [INFO] 没有为空的材质字段
[2020-12-01 11:30:27] [INFO] [ PASS ]材质检测无异常
[2020-12-01 11:30:27] [INFO] 材质检测结束
[2020-12-01 11:30:27] [INFO] 非法字符检测开始
[2020-12-01 11:30:27] [INFO] [ PASS ]非法字符检测无异常
[2020-12-01 11:30:27] [INFO] 非法字符检测结束
[2020-12-01 11:30:27] [INFO] 管块孔数检测开始
[2020-12-01 11:30:27] [INFO] 没有找到管块
[2020-12-01 11:30:27] [INFO] 管块孔数检测结束
[2020-12-01 11:30:27] [INFO] 附属物深度检测开始
[2020-12-01 11:30:27] [INFO] 没有找到附属物
[2020-12-01 11:30:27] [INFO] 附属物深度检测结束
[2020-12-01 11:30:27] [INFO] 所有检测结束
[2020-12-01 11:30:27] [INFO] --------------------------------------------------
[2020-12-01 11:30:27] [INFO] -----------------------ZSL-----------------------
[2020-12-01 11:30:27] [INFO] 字段一致性检测开始
[2020-12-01 11:30:27] [INFO] 数据库错误
[2020-12-01 11:30:27] [INFO] ('42S02', '[42S02] [Microsoft][ODBC Microsoft Access Driver] Microsoft Access 数据库引擎找不到输入表或查询“ZSL”。请确定它存在且其名称拼写正确。')
[2020-12-01 11:30:27] [INFO] 字段一致性检测结束
[2020-12-01 11:30:27] [INFO] 材质检测开始
[2020-12-01 11:30:27] [INFO] 数据库错误
[2020-12-01 11:30:27] [INFO] ('42S02', '[42S02] [Microsoft][ODBC Microsoft Access Driver] Microsoft Access 数据库引擎找不到输入表或查询“ZSL”。请确定它存在且其名称拼写正确。')
[2020-12-01 11:30:27] [INFO] 非法字符检测开始
[2020-12-01 11:30:27] [INFO] 数据库错误
[2020-12-01 11:30:27] [INFO] ('42S02', '[42S02] [Microsoft][ODBC Microsoft Access Driver] Microsoft Access 数据库引擎找不到输入表或查询“ZSL”。请确定它存在且其名称拼写正确。')
[2020-12-01 11:30:27] [INFO] 非法字符检测结束
[2020-12-01 11:30:27] [INFO] 管块孔数检测开始
[2020-12-01 11:30:27] [INFO] 数据库错误
[2020-12-01 11:30:27] [INFO] ('42S02', '[42S02] [Microsoft][ODBC Microsoft Access Driver] Microsoft Access 数据库引擎找不到输入表或查询“ZSL”。请确定它存在且其名称拼写正确。')
[2020-12-01 11:30:27] [INFO] 附属物深度检测开始
[2020-12-01 11:30:27] [INFO] 数据库错误
[2020-12-01 11:30:27] [INFO] ('42S02', '[42S02] [Microsoft][ODBC Microsoft Access Driver] Microsoft Access 数据库引擎找不到输入表或查询“ZSL”。请确定它存在且其名称拼写正确。')
[2020-12-01 11:30:27] [INFO] 所有检测结束
[2020-12-01 11:30:27] [INFO] --------------------------------------------------
[2020-12-01 11:39:46] [INFO] 选择数据库!选择类别
[2020-12-01 11:39:48] [INFO] 选择数据库!选择类别
[2020-12-01 11:39:48] [INFO] 选择数据库!选择类别
[2020-12-01 11:39:49] [INFO] 选择数据库!选择类别
[2020-12-01 11:39:49] [INFO] 选择数据库!选择类别
[2020-12-01 12:53:51] [INFO] -----------------------SSL-----------------------
[2020-12-01 12:53:51] [INFO] 附属物深度检测开始
[2020-12-01 12:53:51] [INFO] 所有检测结束
[2020-12-01 12:53:51] [INFO] --------------------------------------------------
[2020-12-01 12:56:24] [INFO] -----------------------SSL-----------------------
[2020-12-01 12:56:24] [INFO] 字段一致性检测开始
[2020-12-01 12:56:24] [INFO] [ PASS ]字段一致性检测通过
[2020-12-01 12:56:24] [INFO] 字段一致性检测结束
[2020-12-01 12:56:24] [INFO] 材质检测开始
[2020-12-01 12:56:24] [INFO] 没有为空的材质字段
[2020-12-01 12:56:24] [INFO] [ PASS ]材质检测无异常
[2020-12-01 12:56:24] [INFO] 材质检测结束
[2020-12-01 12:56:24] [INFO] 非法字符检测开始
[2020-12-01 12:56:24] [INFO] [ PASS ]非法字符检测无异常
[2020-12-01 12:56:24] [INFO] 非法字符检测结束
[2020-12-01 12:56:24] [INFO] 管块孔数检测开始
[2020-12-01 12:56:24] [INFO] 没有找到管块
[2020-12-01 12:56:24] [INFO] 管块孔数检测结束
[2020-12-01 12:56:24] [INFO] 附属物深度检测开始
[2020-12-01 12:56:24] [INFO] 数据库错误
[2020-12-01 12:56:24] [INFO] ('42000', "[42000] [Microsoft][ODBC Microsoft Access Driver] 多余的 ) 在查询表达式 '附属物 = '阀门井' or 附属物 = '阀门' or 附属物 = '水井（井）')' 中。")
[2020-12-01 12:56:24] [INFO] 所有检测结束
[2020-12-01 12:56:24] [INFO] --------------------------------------------------
[2020-12-01 12:56:32] [INFO] -----------------------SSL-----------------------
[2020-12-01 12:56:32] [INFO] 附属物深度检测开始
[2020-12-01 12:56:32] [INFO] 数据库错误
[2020-12-01 12:56:32] [INFO] ('42000', "[42000] [Microsoft][ODBC Microsoft Access Driver] 多余的 ) 在查询表达式 '附属物 = '阀门井' or 附属物 = '阀门' or 附属物 = '水井（井）')' 中。")
[2020-12-01 12:56:32] [INFO] 所有检测结束
[2020-12-01 12:56:32] [INFO] --------------------------------------------------
[2020-12-01 12:57:10] [INFO] -----------------------SSL-----------------------
[2020-12-01 12:57:10] [INFO] 附属物深度检测开始
[2020-12-01 12:57:10] [INFO] 所有检测结束
[2020-12-01 12:57:10] [INFO] --------------------------------------------------
[2020-12-01 13:10:37] [INFO] -----------------------SSL-----------------------
[2020-12-01 13:10:37] [INFO] 附属物深度检测开始
[2020-12-01 13:10:37] [INFO] 所有检测结束
[2020-12-01 13:10:37] [INFO] --------------------------------------------------
[2020-12-01 13:11:52] [INFO] -----------------------SSL-----------------------
[2020-12-01 13:11:52] [INFO] 附属物深度检测开始
[2020-12-01 13:11:52] [INFO] 数据库错误
[2020-12-01 13:11:52] [INFO] ('07002', '[07002] [Microsoft][ODBC Microsoft Access Driver] 参数不足，期待是 1。')
[2020-12-01 13:11:52] [INFO] 所有检测结束
[2020-12-01 13:11:52] [INFO] --------------------------------------------------
[2020-12-01 13:12:40] [INFO] -----------------------SSL-----------------------
[2020-12-01 13:12:40] [INFO] 附属物深度检测开始
[2020-12-01 13:12:40] [INFO] 所有检测结束
[2020-12-01 13:12:40] [INFO] --------------------------------------------------
[2020-12-01 13:16:23] [INFO] -----------------------SSL-----------------------
[2020-12-01 13:16:23] [INFO] 附属物深度检测开始
[2020-12-01 13:16:23] [INFO] 所有检测结束
[2020-12-01 13:16:23] [INFO] --------------------------------------------------
[2020-12-01 13:49:45] [INFO] -----------------------SSL-----------------------
[2020-12-01 13:49:45] [INFO] 附属物深度检测开始
[2020-12-01 13:49:45] [INFO] 所有检测结束
[2020-12-01 13:49:45] [INFO] --------------------------------------------------
[2020-12-01 13:51:20] [INFO] -----------------------SSL-----------------------
[2020-12-01 13:51:20] [INFO] 附属物深度检测开始
[2020-12-01 13:51:20] [INFO] 所有检测结束
[2020-12-01 13:51:20] [INFO] --------------------------------------------------
[2020-12-01 13:55:05] [INFO] 选择数据库!选择类别
[2020-12-01 13:55:06] [INFO] -----------------------SSL-----------------------
[2020-12-01 13:55:06] [INFO] 附属物深度检测开始
[2020-12-01 13:55:07] [INFO] 所有检测结束
[2020-12-01 13:55:07] [INFO] --------------------------------------------------
[2020-12-01 13:56:15] [INFO] -----------------------SSL-----------------------
[2020-12-01 13:56:15] [INFO] 附属物深度检测开始
[2020-12-01 13:56:15] [INFO] 所有检测结束
[2020-12-01 13:56:15] [INFO] --------------------------------------------------
[2020-12-01 13:57:13] [INFO] -----------------------SSL-----------------------
[2020-12-01 13:57:13] [INFO] 附属物深度检测开始
[2020-12-01 13:57:13] [INFO] 所有检测结束
[2020-12-01 13:57:13] [INFO] --------------------------------------------------
[2020-12-01 13:59:13] [INFO] -----------------------SSL-----------------------
[2020-12-01 13:59:13] [INFO] 附属物深度检测开始
[2020-12-01 13:59:13] [INFO] 所有检测结束
[2020-12-01 13:59:13] [INFO] --------------------------------------------------
[2020-12-01 14:15:46] [INFO] -----------------------SSL-----------------------
[2020-12-01 14:15:46] [INFO] 附属物深度检测开始
[2020-12-01 14:15:46] [INFO] 所有检测结束
[2020-12-01 14:15:46] [INFO] --------------------------------------------------
[2020-12-01 14:17:23] [INFO] -----------------------SSL-----------------------
[2020-12-01 14:17:23] [INFO] 附属物深度检测开始
[2020-12-01 14:17:23] [INFO] 所有检测结束
[2020-12-01 14:17:23] [INFO] --------------------------------------------------
[2020-12-01 14:20:10] [INFO] -----------------------SSL-----------------------
[2020-12-01 14:20:10] [INFO] 附属物深度检测开始
[2020-12-01 14:20:10] [INFO] 所有检测结束
[2020-12-01 14:20:10] [INFO] --------------------------------------------------
[2020-12-01 14:22:09] [INFO] -----------------------SSL-----------------------
[2020-12-01 14:22:09] [INFO] 附属物深度检测开始
[2020-12-01 14:22:09] [INFO] 所有检测结束
[2020-12-01 14:22:09] [INFO] --------------------------------------------------
[2020-12-01 14:23:44] [INFO] -----------------------SSL-----------------------
[2020-12-01 14:23:44] [INFO] 附属物深度检测开始
[2020-12-01 14:23:44] [INFO] 所有检测结束
[2020-12-01 14:23:44] [INFO] --------------------------------------------------
[2020-12-01 14:24:38] [INFO] -----------------------SSL-----------------------
[2020-12-01 14:24:38] [INFO] 附属物深度检测开始
[2020-12-01 14:24:38] [INFO] 所有检测结束
[2020-12-01 14:24:38] [INFO] --------------------------------------------------
[2020-12-01 14:29:35] [INFO] -----------------------SSL-----------------------
[2020-12-01 14:29:35] [INFO] 附属物深度检测开始
[2020-12-01 14:29:35] [INFO] 所有检测结束
[2020-12-01 14:29:35] [INFO] --------------------------------------------------
[2020-12-01 14:30:44] [INFO] -----------------------SSL-----------------------
[2020-12-01 14:30:44] [INFO] 附属物深度检测开始
[2020-12-01 14:30:44] [INFO] 所有检测结束
[2020-12-01 14:30:44] [INFO] --------------------------------------------------
[2020-12-01 14:31:12] [INFO] -----------------------SSL-----------------------
[2020-12-01 14:31:12] [INFO] 附属物深度检测开始
[2020-12-01 14:31:12] [INFO] 所有检测结束
[2020-12-01 14:31:12] [INFO] --------------------------------------------------
[2020-12-01 14:32:12] [INFO] -----------------------SSL-----------------------
[2020-12-01 14:32:12] [INFO] 附属物深度检测开始
[2020-12-01 14:32:12] [INFO] 所有检测结束
[2020-12-01 14:32:12] [INFO] --------------------------------------------------
[2020-12-01 14:34:01] [INFO] -----------------------SSL-----------------------
[2020-12-01 14:34:01] [INFO] 附属物深度检测开始
[2020-12-01 14:34:01] [INFO] 所有检测结束
[2020-12-01 14:34:01] [INFO] --------------------------------------------------
[2020-12-01 14:36:06] [INFO] -----------------------SSL-----------------------
[2020-12-01 14:36:06] [INFO] 附属物深度检测开始
[2020-12-01 14:36:06] [INFO] 所有检测结束
[2020-12-01 14:36:06] [INFO] --------------------------------------------------
[2020-12-01 14:37:10] [INFO] -----------------------SSL-----------------------
[2020-12-01 14:37:10] [INFO] 附属物深度检测开始
[2020-12-01 14:37:10] [INFO] 数据库错误
[2020-12-01 14:37:10] [INFO] 'NoneType' object is not iterable
[2020-12-01 14:37:10] [INFO] 所有检测结束
[2020-12-01 14:37:10] [INFO] --------------------------------------------------
[2020-12-01 14:38:01] [INFO] -----------------------SSL-----------------------
[2020-12-01 14:38:01] [INFO] 附属物深度检测开始
[2020-12-01 14:38:01] [INFO] 所有检测结束
[2020-12-01 14:38:01] [INFO] --------------------------------------------------
[2020-12-01 14:42:03] [INFO] -----------------------SSL-----------------------
[2020-12-01 14:42:03] [INFO] 附属物深度检测开始
[2020-12-01 14:42:03] [INFO] [ NG ]终点埋深没有找到
[2020-12-01 14:42:03] [INFO] ['SS263']
[2020-12-01 14:42:03] [INFO] [ NG ]终点埋深没有找到
[2020-12-01 14:42:03] [INFO] ['SS262', 'SS262']
[2020-12-01 14:42:03] [INFO] [ NG ]附属物深度错误
[2020-12-01 14:42:03] [INFO] {'SS239'}
[2020-12-01 14:42:03] [INFO] 所有检测结束
[2020-12-01 14:42:03] [INFO] --------------------------------------------------
[2020-12-01 14:46:15] [INFO] -----------------------SSL-----------------------
[2020-12-01 14:46:15] [INFO] 附属物深度检测开始
[2020-12-01 14:46:15] [INFO] 数据库错误
[2020-12-01 14:46:15] [INFO] ('42000', "[42000] [Microsoft][ODBC Microsoft Access Driver] 多余的 ) 在查询表达式 '附属物 = '阀门井' or 附属物 = '阀门' or 附属物 = '水井（井）')' 中。")
[2020-12-01 14:46:15] [INFO] 所有检测结束
[2020-12-01 14:46:15] [INFO] --------------------------------------------------
[2020-12-01 14:46:36] [INFO] -----------------------SSL-----------------------
[2020-12-01 14:46:36] [INFO] 附属物深度检测开始
[2020-12-01 14:46:36] [INFO] [ NG ]终点埋深没有找到
[2020-12-01 14:46:36] [INFO] ['SS263']
[2020-12-01 14:46:36] [INFO] [ NG ]起点埋深没有找到
[2020-12-01 14:46:36] [INFO] ['SS262', 'SS262']
[2020-12-01 14:46:36] [INFO] [ NG ]附属物深度错误
[2020-12-01 14:46:36] [INFO] {'SS239'}
[2020-12-01 14:46:36] [INFO] 附属物深度检测结束
[2020-12-01 14:46:36] [INFO] 所有检测结束
[2020-12-01 14:46:36] [INFO] --------------------------------------------------
[2020-12-01 14:46:56] [INFO] -----------------------LDL-----------------------
[2020-12-01 14:46:56] [INFO] 附属物深度检测开始
[2020-12-01 14:46:56] [INFO] 没有找到附属物
[2020-12-01 14:46:56] [INFO] 附属物深度检测结束
[2020-12-01 14:46:56] [INFO] 所有检测结束
[2020-12-01 14:46:56] [INFO] --------------------------------------------------
[2020-12-01 14:46:56] [INFO] -----------------------SSL-----------------------
[2020-12-01 14:46:56] [INFO] 附属物深度检测开始
[2020-12-01 14:46:56] [INFO] [ NG ]终点埋深没有找到
[2020-12-01 14:46:56] [INFO] ['SS263']
[2020-12-01 14:46:56] [INFO] [ NG ]起点埋深没有找到
[2020-12-01 14:46:56] [INFO] ['SS262', 'SS262']
[2020-12-01 14:46:56] [INFO] [ NG ]附属物深度错误
[2020-12-01 14:46:56] [INFO] {'SS239'}
[2020-12-01 14:46:56] [INFO] 附属物深度检测结束
[2020-12-01 14:46:56] [INFO] 所有检测结束
[2020-12-01 14:46:56] [INFO] --------------------------------------------------
[2020-12-01 14:47:39] [INFO] -----------------------LDL-----------------------
[2020-12-01 14:47:39] [INFO] 附属物深度检测开始
[2020-12-01 14:47:39] [INFO] 没有找到附属物
[2020-12-01 14:47:39] [INFO] 附属物深度检测结束
[2020-12-01 14:47:39] [INFO] 所有检测结束
[2020-12-01 14:47:39] [INFO] -----------------------SSL-----------------------
[2020-12-01 14:47:39] [INFO] 附属物深度检测开始
[2020-12-01 14:47:39] [INFO] [ NG ]终点埋深没有找到
[2020-12-01 14:47:39] [INFO] ['SS263']
[2020-12-01 14:47:39] [INFO] [ NG ]起点埋深没有找到
[2020-12-01 14:47:39] [INFO] ['SS262', 'SS262']
[2020-12-01 14:47:39] [INFO] [ NG ]附属物深度错误
[2020-12-01 14:47:39] [INFO] {'SS239'}
[2020-12-01 14:47:39] [INFO] 附属物深度检测结束
[2020-12-01 14:47:39] [INFO] 所有检测结束
